<?xml version="1.0" encoding="UTF-8"?>
<testsuite xmlns:xsi="http://www.w3.org/2001/XMLSchema-instance" xsi:noNamespaceSchemaLocation="https://maven.apache.org/surefire/maven-surefire-plugin/xsd/surefire-test-report-3.0.xsd" version="3.0" name="RookTest" time="0.069" tests="4" errors="0" skipped="0" failures="0">
  <properties>
[...]
</properties>
  <testcase name="rookCanMoveOnXaxis" classname="RookTest" time="0.031"/>
  <testcase name="RookCannotPassOverUnits" classname="RookTest" time="0.001"/>
  <testcase name="rookCannotMoveDiagonally" classname="RookTest" time="0.001"/>
  <testcase name="RookCanMoveOnYaxis" classname="RookTest" time="0"/>
</testsuite>